<?xml version="1.0" encoding="UTF-8"?>
<testsuites>
  <testsuite name="" tests="1" assertions="1" errors="0" warnings="0" failures="0" skipped="0" time="0.001571">
    <testsuite name="Test Suite" tests="1" assertions="1" errors="0" warnings="0" failures="0" skipped="0" time="0.001571">
      <testsuite name="Without_Git\Test\SourceClassTest" file="/opt/tests/SourceClassTest.php" tests="1" assertions="1" errors="0" warnings="0" failures="0" skipped="0" time="0.001571">
        <testcase name="test_hello" class="Without_Git\Test\SourceClassTest" classname="Without_Git.Test.SourceClassTest" file="/opt/tests/SourceClassTest.php" line="10" assertions="1" time="0.001571"/>
      </testsuite>
    </testsuite>
  </testsuite>
</testsuites>
