<?xml version="1.0" encoding="UTF-8"?>
<testsuites>
  <testsuite name="" tests="2" assertions="2" errors="0" warnings="0" failures="0" skipped="0" time="0.003036">
    <testsuite name="Test Suite" tests="2" assertions="2" errors="0" warnings="0" failures="0" skipped="0" time="0.003036">
      <testsuite name="ProvideExistingCoverage\Test\SourceClassTest" file="tests/SourceClassTest.php" tests="2" assertions="2" errors="0" warnings="0" failures="0" skipped="0" time="0.003036">
        <testcase name="test_it_adds" class="ProvideExistingCoverage\Test\SourceClassTest" classname="ProvideExistingCoverage.Test.SourceClassTest" file="tests/SourceClassTest.php" line="10" assertions="1" time="0.002820"/>
        <testcase name="test_it_returns_true" class="ProvideExistingCoverage\Test\SourceClassTest" classname="ProvideExistingCoverage.Test.SourceClassTest" file="tests/SourceClassTest.php" line="16" assertions="1" time="0.000215"/>
      </testsuite>
    </testsuite>
  </testsuite>
</testsuites>
