<?xml version="1.0" encoding="UTF-8"?>
<testsuites>
  <testsuite name="/Users/tfidry/Project/Humbug/infection/tests/phpunit/TestFramework/Tracing/Fixtures/phpunit.xml" tests="12" assertions="25" errors="0" failures="0" skipped="0" time="0.021691">
    <testsuite name="Demo Test Suite" tests="12" assertions="25" errors="0" failures="0" skipped="0" time="0.021691">
      <testsuite name="Infection\Tests\TestFramework\Tracing\Fixtures\tests\DemoCounterServiceTest" file="/Users/tfidry/Project/Humbug/infection/tests/phpunit/TestFramework/Tracing/Fixtures/tests/DemoCounterServiceTest.php" tests="12" assertions="25" errors="0" failures="0" skipped="0" time="0.021691">
        <testcase name="test_start_count_sets_initial_value" file="/Users/tfidry/Project/Humbug/infection/tests/phpunit/TestFramework/Tracing/Fixtures/tests/DemoCounterServiceTest.php" line="77" class="Infection\Tests\TestFramework\Tracing\Fixtures\tests\DemoCounterServiceTest" classname="Infection.Tests.TestFramework.Tracing.Fixtures.tests.DemoCounterServiceTest" assertions="1" time="0.012196"/>
        <testcase name="test_start_count_with_default_sets_to_zero" file="/Users/tfidry/Project/Humbug/infection/tests/phpunit/TestFramework/Tracing/Fixtures/tests/DemoCounterServiceTest.php" line="84" class="Infection\Tests\TestFramework\Tracing\Fixtures\tests\DemoCounterServiceTest" classname="Infection.Tests.TestFramework.Tracing.Fixtures.tests.DemoCounterServiceTest" assertions="1" time="0.000956"/>
        <testcase name="test_set_step_changes_increment_amount" file="/Users/tfidry/Project/Humbug/infection/tests/phpunit/TestFramework/Tracing/Fixtures/tests/DemoCounterServiceTest.php" line="101" class="Infection\Tests\TestFramework\Tracing\Fixtures\tests\DemoCounterServiceTest" classname="Infection.Tests.TestFramework.Tracing.Fixtures.tests.DemoCounterServiceTest" assertions="2" time="0.000917"/>
        <testcase name="test_custom_step_with_multiple_counts" file="/Users/tfidry/Project/Humbug/infection/tests/phpunit/TestFramework/Tracing/Fixtures/tests/DemoCounterServiceTest.php" line="119" class="Infection\Tests\TestFramework\Tracing\Fixtures\tests\DemoCounterServiceTest" classname="Infection.Tests.TestFramework.Tracing.Fixtures.tests.DemoCounterServiceTest" assertions="3" time="0.000875"/>
        <testcase name="test_zero_step_keeps_counter_unchanged" file="/Users/tfidry/Project/Humbug/infection/tests/phpunit/TestFramework/Tracing/Fixtures/tests/DemoCounterServiceTest.php" line="142" class="Infection\Tests\TestFramework\Tracing\Fixtures\tests\DemoCounterServiceTest" classname="Infection.Tests.TestFramework.Tracing.Fixtures.tests.DemoCounterServiceTest" assertions="2" time="0.000840"/>
        <testcase name="test_count_increments_by_step_and_returns_new_value" file="/Users/tfidry/Project/Humbug/infection/tests/phpunit/TestFramework/Tracing/Fixtures/tests/DemoCounterServiceTest.php" line="57" class="Infection\Tests\TestFramework\Tracing\Fixtures\tests\DemoCounterServiceTest" classname="Infection.Tests.TestFramework.Tracing.Fixtures.tests.DemoCounterServiceTest" assertions="2" time="0.000833"/>
        <testcase name="test_multiple_counts_increment_correctly" file="/Users/tfidry/Project/Humbug/infection/tests/phpunit/TestFramework/Tracing/Fixtures/tests/DemoCounterServiceTest.php" line="65" class="Infection\Tests\TestFramework\Tracing\Fixtures\tests\DemoCounterServiceTest" classname="Infection.Tests.TestFramework.Tracing.Fixtures.tests.DemoCounterServiceTest" assertions="4" time="0.000854"/>
        <testcase name="test_negative_step_decreases_counter" file="/Users/tfidry/Project/Humbug/infection/tests/phpunit/TestFramework/Tracing/Fixtures/tests/DemoCounterServiceTest.php" line="131" class="Infection\Tests\TestFramework\Tracing\Fixtures\tests\DemoCounterServiceTest" classname="Infection.Tests.TestFramework.Tracing.Fixtures.tests.DemoCounterServiceTest" assertions="2" time="0.000837"/>
        <testcase name="test_set_step_with_default_resets_to_one" file="/Users/tfidry/Project/Humbug/infection/tests/phpunit/TestFramework/Tracing/Fixtures/tests/DemoCounterServiceTest.php" line="110" class="Infection\Tests\TestFramework\Tracing\Fixtures\tests\DemoCounterServiceTest" classname="Infection.Tests.TestFramework.Tracing.Fixtures.tests.DemoCounterServiceTest" assertions="1" time="0.000832"/>
        <testcase name="test_initial_counter_is_zero" file="/Users/tfidry/Project/Humbug/infection/tests/phpunit/TestFramework/Tracing/Fixtures/tests/DemoCounterServiceTest.php" line="52" class="Infection\Tests\TestFramework\Tracing\Fixtures\tests\DemoCounterServiceTest" classname="Infection.Tests.TestFramework.Tracing.Fixtures.tests.DemoCounterServiceTest" assertions="1" time="0.000868"/>
        <testcase name="test_start_count_affects_subsequent_counts" file="/Users/tfidry/Project/Humbug/infection/tests/phpunit/TestFramework/Tracing/Fixtures/tests/DemoCounterServiceTest.php" line="92" class="Infection\Tests\TestFramework\Tracing\Fixtures\tests\DemoCounterServiceTest" classname="Infection.Tests.TestFramework.Tracing.Fixtures.tests.DemoCounterServiceTest" assertions="2" time="0.000848"/>
        <testcase name="test_complex_scenario" file="/Users/tfidry/Project/Humbug/infection/tests/phpunit/TestFramework/Tracing/Fixtures/tests/DemoCounterServiceTest.php" line="153" class="Infection\Tests\TestFramework\Tracing\Fixtures\tests\DemoCounterServiceTest" classname="Infection.Tests.TestFramework.Tracing.Fixtures.tests.DemoCounterServiceTest" assertions="4" time="0.000837"/>
      </testsuite>
    </testsuite>
  </testsuite>
</testsuites>
